Start testing: Sep 25 15:57 CEST
----------------------------------------------------------
1/1 Testing: CentralUnitTests
1/1 Test: CentralUnitTests
Command: "/home/czupak/Coding/repositories/Smart-Home/build/tests/CentralUnitTests"
Directory: /home/czupak/Coding/repositories/Smart-Home/build/tests
"CentralUnitTests" start time: Sep 25 15:57 CEST
Output:
----------------------------------------------------------
Running main() from /home/czupak/Coding/repositories/Smart-Home/googletest/googletest/src/gtest_main.cc
[==========] Running 2 tests from 1 test suite.
[----------] Global test environment set-up.
[----------] 2 tests from SystemTest
[ RUN      ] SystemTest.shouldPass
[       OK ] SystemTest.shouldPass (0 ms)
[ RUN      ] SystemTest.shouldPassWithCall
[       OK ] SystemTest.shouldPassWithCall (0 ms)
[----------] 2 tests from SystemTest (0 ms total)

[----------] Global test environment tear-down
[==========] 2 tests from 1 test suite ran. (0 ms total)
[  PASSED  ] 2 tests.
<end of output>
Test time =   0.05 sec
----------------------------------------------------------
Test Passed.
"CentralUnitTests" end time: Sep 25 15:57 CEST
"CentralUnitTests" time elapsed: 00:00:00
----------------------------------------------------------

End testing: Sep 25 15:57 CEST
